# JRE version: OpenJDK Runtime Environment (11.0.18+10) (build 11.0.18+10-post-Ubuntu-0ubuntu122.04)
# Java VM: OpenJDK 64-Bit Server VM (11.0.18+10-post-Ubuntu-0ubuntu122.04, mixed mode, sharing, tiered, compressed oops, g1 gc, linux-amd64)
Heap:
 garbage-first heap   total 669696K, used 309964K [0x000000060de00000, 0x0000000800000000)
  region size 2048K, 111 young (227328K), 16 survivors (32768K)
 Metaspace       used 86809K, capacity 87769K, committed 88448K, reserved 1128448K
  class space    used 8963K, capacity 9348K, committed 9420K, reserved 1048576K
GC Heap History (18 events):
Event: 0.288 GC heap before
{Heap before GC invocations=0 (full 0):
 garbage-first heap   total 516096K, used 27340K [0x000000060de00000, 0x0000000800000000)
  region size 2048K, 12 young (24576K), 0 survivors (0K)
 Metaspace       used 6262K, capacity 9501K, committed 9728K, reserved 1058816K
  class space    used 615K, capacity 910K, committed 1024K, reserved 1048576K
}
Event: 0.294 GC heap after
{Heap after GC invocations=1 (full 0):
 garbage-first heap   total 516096K, used 7104K [0x000000060de00000, 0x0000000800000000)
  region size 2048K, 2 young (4096K), 2 survivors (4096K)
 Metaspace       used 6262K, capacity 9501K, committed 9728K, reserved 1058816K
  class space    used 615K, capacity 910K, committed 1024K, reserved 1048576K
}
Event: 0.692 GC heap before
{Heap before GC invocations=1 (full 0):
 garbage-first heap   total 516096K, used 70592K [0x000000060de00000, 0x0000000800000000)
  region size 2048K, 32 young (65536K), 2 survivors (4096K)
 Metaspace       used 20013K, capacity 21015K, committed 21248K, reserved 1069056K
  class space    used 2263K, capacity 2450K, committed 2560K, reserved 1048576K
}
Event: 0.698 GC heap after
{Heap after GC invocations=2 (full 0):
 garbage-first heap   total 516096K, used 16461K [0x000000060de00000, 0x0000000800000000)
  region size 2048K, 4 young (8192K), 4 survivors (8192K)
 Metaspace       used 20013K, capacity 21015K, committed 21248K, reserved 1069056K
  class space    used 2263K, capacity 2450K, committed 2560K, reserved 1048576K
}
Event: 1.170 GC heap before
{Heap before GC invocations=3 (full 0):
 garbage-first heap   total 516096K, used 94285K [0x000000060de00000, 0x0000000800000000)
  region size 2048K, 42 young (86016K), 4 survivors (8192K)
 Metaspace       used 34623K, capacity 35294K, committed 35840K, reserved 1081344K
  class space    used 4297K, capacity 4476K, committed 4480K, reserved 1048576K
}
Event: 1.184 GC heap after
{Heap after GC invocations=4 (full 0):
 garbage-first heap   total 516096K, used 25388K [0x000000060de00000, 0x0000000800000000)
  region size 2048K, 8 young (16384K), 8 survivors (16384K)
 Metaspace       used 34623K, capacity 35294K, committed 35840K, reserved 1081344K
  class space    used 4297K, capacity 4476K, committed 4480K, reserved 1048576K
}
Event: 2.228 GC heap before
{Heap before GC invocations=5 (full 0):
 garbage-first heap   total 516096K, used 119596K [0x000000060de00000, 0x0000000800000000)
  region size 2048K, 53 young (108544K), 8 survivors (16384K)
 Metaspace       used 44583K, capacity 45168K, committed 46028K, reserved 1089536K
  class space    used 5256K, capacity 5487K, committed 5580K, reserved 1048576K
}
Event: 2.237 GC heap after
{Heap after GC invocations=6 (full 0):
 garbage-first heap   total 516096K, used 39629K [0x000000060de00000, 0x0000000800000000)
  region size 2048K, 7 young (14336K), 7 survivors (14336K)
 Metaspace       used 44583K, capacity 45168K, committed 46028K, reserved 1089536K
  class space    used 5256K, capacity 5487K, committed 5580K, reserved 1048576K
}
Event: 3.429 GC heap before
{Heap before GC invocations=6 (full 0):
 garbage-first heap   total 516096K, used 150221K [0x000000060de00000, 0x0000000800000000)
  region size 2048K, 61 young (124928K), 7 survivors (14336K)
 Metaspace       used 54333K, capacity 55154K, committed 55628K, reserved 1097728K
  class space    used 6341K, capacity 6664K, committed 6732K, reserved 1048576K
}
Event: 3.441 GC heap after
{Heap after GC invocations=7 (full 0):
 garbage-first heap   total 669696K, used 56527K [0x000000060de00000, 0x0000000800000000)
  region size 2048K, 8 young (16384K), 8 survivors (16384K)
 Metaspace       used 54333K, capacity 55154K, committed 55628K, reserved 1097728K
  class space    used 6341K, capacity 6664K, committed 6732K, reserved 1048576K
}
Event: 4.651 GC heap before
{Heap before GC invocations=7 (full 0):
 garbage-first heap   total 669696K, used 185551K [0x000000060de00000, 0x0000000800000000)
  region size 2048K, 72 young (147456K), 8 survivors (16384K)
 Metaspace       used 58979K, capacity 59810K, committed 60288K, reserved 1101824K
  class space    used 6702K, capacity 7061K, committed 7116K, reserved 1048576K
}
Event: 4.671 GC heap after
{Heap after GC invocations=8 (full 0):
 garbage-first heap   total 669696K, used 68353K [0x000000060de00000, 0x0000000800000000)
  region size 2048K, 14 young (28672K), 14 survivors (28672K)
 Metaspace       used 58979K, capacity 59810K, committed 60288K, reserved 1101824K
  class space    used 6702K, capacity 7061K, committed 7116K, reserved 1048576K
}
Event: 6.986 GC heap before
{Heap before GC invocations=9 (full 0):
 garbage-first heap   total 669696K, used 215809K [0x000000060de00000, 0x0000000800000000)
  region size 2048K, 85 young (174080K), 14 survivors (28672K)
 Metaspace       used 63030K, capacity 63955K, committed 64512K, reserved 1105920K
  class space    used 7007K, capacity 7381K, committed 7500K, reserved 1048576K
}
Event: 6.997 GC heap after
{Heap after GC invocations=10 (full 0):
 garbage-first heap   total 669696K, used 83392K [0x000000060de00000, 0x0000000800000000)
  region size 2048K, 11 young (22528K), 11 survivors (22528K)
 Metaspace       used 63030K, capacity 63955K, committed 64512K, reserved 1105920K
  class space    used 7007K, capacity 7381K, committed 7500K, reserved 1048576K
}
Event: 8.127 GC heap before
{Heap before GC invocations=10 (full 0):
 garbage-first heap   total 669696K, used 257472K [0x000000060de00000, 0x0000000800000000)
  region size 2048K, 96 young (196608K), 11 survivors (22528K)
 Metaspace       used 70598K, capacity 71560K, committed 72192K, reserved 1114112K
  class space    used 7599K, capacity 7957K, committed 8012K, reserved 1048576K
}
Event: 8.138 GC heap after
{Heap after GC invocations=11 (full 0):
 garbage-first heap   total 669696K, used 102510K [0x000000060de00000, 0x0000000800000000)
  region size 2048K, 10 young (20480K), 10 survivors (20480K)
 Metaspace       used 70598K, capacity 71560K, committed 72192K, reserved 1114112K
  class space    used 7599K, capacity 7957K, committed 8012K, reserved 1048576K
}
Event: 9.196 GC heap before
{Heap before GC invocations=11 (full 0):
 garbage-first heap   total 669696K, used 342126K [0x000000060de00000, 0x0000000800000000)
  region size 2048K, 127 young (260096K), 10 survivors (20480K)
 Metaspace       used 80589K, capacity 81562K, committed 82176K, reserved 1122304K
  class space    used 8558K, capacity 8922K, committed 9036K, reserved 1048576K
}
Event: 9.204 GC heap after
{Heap after GC invocations=12 (full 0):
 garbage-first heap   total 669696K, used 117452K [0x000000060de00000, 0x0000000800000000)
  region size 2048K, 16 young (32768K), 16 survivors (32768K)
 Metaspace       used 80589K, capacity 81562K, committed 82176K, reserved 1122304K
  class space    used 8558K, capacity 8922K, committed 9036K, reserved 1048576K
}

