# JRE version: OpenJDK Runtime Environment (11.0.18+10) (build 11.0.18+10-post-Ubuntu-0ubuntu122.04)
# Java VM: OpenJDK 64-Bit Server VM (11.0.18+10-post-Ubuntu-0ubuntu122.04, mixed mode, sharing, tiered, compressed oops, g1 gc, linux-amd64)
Heap:
 garbage-first heap   total 757760K, used 312039K [0x000000060de00000, 0x0000000800000000)
  region size 2048K, 126 young (258048K), 8 survivors (16384K)
 Metaspace       used 71633K, capacity 72606K, committed 73216K, reserved 1114112K
  class space    used 7698K, capacity 8091K, committed 8192K, reserved 1048576K
GC Heap History (14 events):
Event: 0.261 GC heap before
{Heap before GC invocations=0 (full 0):
 garbage-first heap   total 516096K, used 27340K [0x000000060de00000, 0x0000000800000000)
  region size 2048K, 12 young (24576K), 0 survivors (0K)
 Metaspace       used 6352K, capacity 9597K, committed 9728K, reserved 1058816K
  class space    used 628K, capacity 942K, committed 1024K, reserved 1048576K
}
Event: 0.268 GC heap after
{Heap after GC invocations=1 (full 0):
 garbage-first heap   total 516096K, used 7150K [0x000000060de00000, 0x0000000800000000)
  region size 2048K, 2 young (4096K), 2 survivors (4096K)
 Metaspace       used 6352K, capacity 9597K, committed 9728K, reserved 1058816K
  class space    used 628K, capacity 942K, committed 1024K, reserved 1048576K
}
Event: 0.668 GC heap before
{Heap before GC invocations=1 (full 0):
 garbage-first heap   total 516096K, used 68590K [0x000000060de00000, 0x0000000800000000)
  region size 2048K, 31 young (63488K), 2 survivors (4096K)
 Metaspace       used 20010K, capacity 21013K, committed 21248K, reserved 1069056K
  class space    used 2261K, capacity 2449K, committed 2560K, reserved 1048576K
}
Event: 0.674 GC heap after
{Heap after GC invocations=2 (full 0):
 garbage-first heap   total 516096K, used 16480K [0x000000060de00000, 0x0000000800000000)
  region size 2048K, 4 young (8192K), 4 survivors (8192K)
 Metaspace       used 20010K, capacity 21013K, committed 21248K, reserved 1069056K
  class space    used 2261K, capacity 2449K, committed 2560K, reserved 1048576K
}
Event: 1.167 GC heap before
{Heap before GC invocations=3 (full 0):
 garbage-first heap   total 516096K, used 96352K [0x000000060de00000, 0x0000000800000000)
  region size 2048K, 43 young (88064K), 4 survivors (8192K)
 Metaspace       used 34753K, capacity 35454K, committed 35840K, reserved 1081344K
  class space    used 4307K, capacity 4508K, committed 4608K, reserved 1048576K
}
Event: 1.187 GC heap after
{Heap after GC invocations=4 (full 0):
 garbage-first heap   total 516096K, used 25319K [0x000000060de00000, 0x0000000800000000)
  region size 2048K, 8 young (16384K), 8 survivors (16384K)
 Metaspace       used 34753K, capacity 35454K, committed 35840K, reserved 1081344K
  class space    used 4307K, capacity 4508K, committed 4608K, reserved 1048576K
}
Event: 3.497 GC heap before
{Heap before GC invocations=5 (full 0):
 garbage-first heap   total 516096K, used 121575K [0x000000060de00000, 0x0000000800000000)
  region size 2048K, 54 young (110592K), 8 survivors (16384K)
 Metaspace       used 49274K, capacity 49884K, committed 50048K, reserved 1093632K
  class space    used 5918K, capacity 6181K, committed 6272K, reserved 1048576K
}
Event: 3.525 GC heap after
{Heap after GC invocations=6 (full 0):
 garbage-first heap   total 516096K, used 38342K [0x000000060de00000, 0x0000000800000000)
  region size 2048K, 6 young (12288K), 6 survivors (12288K)
 Metaspace       used 49274K, capacity 49884K, committed 50048K, reserved 1093632K
  class space    used 5918K, capacity 6181K, committed 6272K, reserved 1048576K
}
Event: 4.978 GC heap before
{Heap before GC invocations=6 (full 0):
 garbage-first heap   total 516096K, used 150982K [0x000000060de00000, 0x0000000800000000)
  region size 2048K, 61 young (124928K), 6 survivors (12288K)
 Metaspace       used 56121K, capacity 56973K, committed 57088K, reserved 1099776K
  class space    used 6558K, capacity 6910K, committed 6912K, reserved 1048576K
}
Event: 5.016 GC heap after
{Heap after GC invocations=7 (full 0):
 garbage-first heap   total 757760K, used 54939K [0x000000060de00000, 0x0000000800000000)
  region size 2048K, 8 young (16384K), 8 survivors (16384K)
 Metaspace       used 56121K, capacity 56973K, committed 57088K, reserved 1099776K
  class space    used 6558K, capacity 6910K, committed 6912K, reserved 1048576K
}
Event: 5.913 GC heap before
{Heap before GC invocations=7 (full 0):
 garbage-first heap   total 757760K, used 89755K [0x000000060de00000, 0x0000000800000000)
  region size 2048K, 26 young (53248K), 8 survivors (16384K)
 Metaspace       used 59220K, capacity 60058K, committed 60160K, reserved 1101824K
  class space    used 6767K, capacity 7122K, committed 7168K, reserved 1048576K
}
Event: 5.921 GC heap after
{Heap after GC invocations=8 (full 0):
 garbage-first heap   total 757760K, used 60244K [0x000000060de00000, 0x0000000800000000)
  region size 2048K, 3 young (6144K), 3 survivors (6144K)
 Metaspace       used 59220K, capacity 60058K, committed 60160K, reserved 1101824K
  class space    used 6767K, capacity 7122K, committed 7168K, reserved 1048576K
}
Event: 9.636 GC heap before
{Heap before GC invocations=9 (full 0):
 garbage-first heap   total 757760K, used 197460K [0x000000060de00000, 0x0000000800000000)
  region size 2048K, 69 young (141312K), 3 survivors (6144K)
 Metaspace       used 62955K, capacity 63852K, committed 64000K, reserved 1105920K
  class space    used 7041K, capacity 7414K, committed 7424K, reserved 1048576K
}
Event: 9.661 GC heap after
{Heap after GC invocations=10 (full 0):
 garbage-first heap   total 757760K, used 72423K [0x000000060de00000, 0x0000000800000000)
  region size 2048K, 8 young (16384K), 8 survivors (16384K)
 Metaspace       used 62955K, capacity 63852K, committed 64000K, reserved 1105920K
  class space    used 7041K, capacity 7414K, committed 7424K, reserved 1048576K
}

