# JRE version: OpenJDK Runtime Environment (11.0.18+10) (build 11.0.18+10-post-Ubuntu-0ubuntu122.04)
# Java VM: OpenJDK 64-Bit Server VM (11.0.18+10-post-Ubuntu-0ubuntu122.04, mixed mode, sharing, tiered, compressed oops, g1 gc, linux-amd64)
Heap:
 garbage-first heap   total 688128K, used 417130K [0x000000060de00000, 0x0000000800000000)
  region size 2048K, 163 young (333824K), 12 survivors (24576K)
 Metaspace       used 83933K, capacity 84903K, committed 85760K, reserved 1126400K
  class space    used 8802K, capacity 9182K, committed 9292K, reserved 1048576K
GC Heap History (18 events):
Event: 0.306 GC heap before
{Heap before GC invocations=0 (full 0):
 garbage-first heap   total 516096K, used 27340K [0x000000060de00000, 0x0000000800000000)
  region size 2048K, 12 young (24576K), 0 survivors (0K)
 Metaspace       used 6427K, capacity 9597K, committed 9728K, reserved 1058816K
  class space    used 640K, capacity 942K, committed 1024K, reserved 1048576K
}
Event: 0.309 GC heap after
{Heap after GC invocations=1 (full 0):
 garbage-first heap   total 516096K, used 7122K [0x000000060de00000, 0x0000000800000000)
  region size 2048K, 2 young (4096K), 2 survivors (4096K)
 Metaspace       used 6427K, capacity 9597K, committed 9728K, reserved 1058816K
  class space    used 640K, capacity 942K, committed 1024K, reserved 1048576K
}
Event: 1.074 GC heap before
{Heap before GC invocations=1 (full 0):
 garbage-first heap   total 516096K, used 68562K [0x000000060de00000, 0x0000000800000000)
  region size 2048K, 31 young (63488K), 2 survivors (4096K)
 Metaspace       used 20006K, capacity 21013K, committed 21248K, reserved 1069056K
  class space    used 2261K, capacity 2449K, committed 2560K, reserved 1048576K
}
Event: 1.082 GC heap after
{Heap after GC invocations=2 (full 0):
 garbage-first heap   total 516096K, used 16504K [0x000000060de00000, 0x0000000800000000)
  region size 2048K, 4 young (8192K), 4 survivors (8192K)
 Metaspace       used 20006K, capacity 21013K, committed 21248K, reserved 1069056K
  class space    used 2261K, capacity 2449K, committed 2560K, reserved 1048576K
}
Event: 1.536 GC heap before
{Heap before GC invocations=3 (full 0):
 garbage-first heap   total 516096K, used 94328K [0x000000060de00000, 0x0000000800000000)
  region size 2048K, 42 young (86016K), 4 survivors (8192K)
 Metaspace       used 34616K, capacity 35294K, committed 35840K, reserved 1081344K
  class space    used 4296K, capacity 4476K, committed 4480K, reserved 1048576K
}
Event: 1.566 GC heap after
{Heap after GC invocations=4 (full 0):
 garbage-first heap   total 516096K, used 25294K [0x000000060de00000, 0x0000000800000000)
  region size 2048K, 8 young (16384K), 8 survivors (16384K)
 Metaspace       used 34616K, capacity 35294K, committed 35840K, reserved 1081344K
  class space    used 4296K, capacity 4476K, committed 4480K, reserved 1048576K
}
Event: 2.592 GC heap before
{Heap before GC invocations=5 (full 0):
 garbage-first heap   total 516096K, used 117454K [0x000000060de00000, 0x0000000800000000)
  region size 2048K, 52 young (106496K), 8 survivors (16384K)
 Metaspace       used 44106K, capacity 44676K, committed 45516K, reserved 1089536K
  class space    used 5225K, capacity 5453K, committed 5580K, reserved 1048576K
}
Event: 2.608 GC heap after
{Heap after GC invocations=6 (full 0):
 garbage-first heap   total 516096K, used 39217K [0x000000060de00000, 0x0000000800000000)
  region size 2048K, 6 young (12288K), 6 survivors (12288K)
 Metaspace       used 44106K, capacity 44676K, committed 45516K, reserved 1089536K
  class space    used 5225K, capacity 5453K, committed 5580K, reserved 1048576K
}
Event: 3.658 GC heap before
{Heap before GC invocations=6 (full 0):
 garbage-first heap   total 516096K, used 147761K [0x000000060de00000, 0x0000000800000000)
  region size 2048K, 59 young (120832K), 6 survivors (12288K)
 Metaspace       used 53748K, capacity 54575K, committed 54860K, reserved 1097728K
  class space    used 6265K, capacity 6600K, committed 6732K, reserved 1048576K
}
Event: 3.671 GC heap after
{Heap after GC invocations=7 (full 0):
 garbage-first heap   total 688128K, used 55171K [0x000000060de00000, 0x0000000800000000)
  region size 2048K, 8 young (16384K), 8 survivors (16384K)
 Metaspace       used 53748K, capacity 54575K, committed 54860K, reserved 1097728K
  class space    used 6265K, capacity 6600K, committed 6732K, reserved 1048576K
}
Event: 4.809 GC heap before
{Heap before GC invocations=7 (full 0):
 garbage-first heap   total 688128K, used 182147K [0x000000060de00000, 0x0000000800000000)
  region size 2048K, 70 young (143360K), 8 survivors (16384K)
 Metaspace       used 58742K, capacity 59575K, committed 59852K, reserved 1101824K
  class space    used 6690K, capacity 7027K, committed 7116K, reserved 1048576K
}
Event: 4.824 GC heap after
{Heap after GC invocations=8 (full 0):
 garbage-first heap   total 688128K, used 68194K [0x000000060de00000, 0x0000000800000000)
  region size 2048K, 6 young (12288K), 6 survivors (12288K)
 Metaspace       used 58742K, capacity 59575K, committed 59852K, reserved 1101824K
  class space    used 6690K, capacity 7027K, committed 7116K, reserved 1048576K
}
Event: 5.007 GC heap before
{Heap before GC invocations=8 (full 0):
 garbage-first heap   total 688128K, used 86626K [0x000000060de00000, 0x0000000800000000)
  region size 2048K, 16 young (32768K), 6 survivors (12288K)
 Metaspace       used 59348K, capacity 60134K, committed 60288K, reserved 1101824K
  class space    used 6724K, capacity 7062K, committed 7116K, reserved 1048576K
}
Event: 5.015 GC heap after
{Heap after GC invocations=9 (full 0):
 garbage-first heap   total 688128K, used 70080K [0x000000060de00000, 0x0000000800000000)
  region size 2048K, 7 young (14336K), 7 survivors (14336K)
 Metaspace       used 59348K, capacity 60134K, committed 60288K, reserved 1101824K
  class space    used 6724K, capacity 7062K, committed 7116K, reserved 1048576K
}
Event: 8.035 GC heap before
{Heap before GC invocations=10 (full 0):
 garbage-first heap   total 688128K, used 231872K [0x000000060de00000, 0x0000000800000000)
  region size 2048K, 85 young (174080K), 7 survivors (14336K)
 Metaspace       used 63541K, capacity 64455K, committed 64768K, reserved 1105920K
  class space    used 7038K, capacity 7418K, committed 7500K, reserved 1048576K
}
Event: 8.047 GC heap after
{Heap after GC invocations=11 (full 0):
 garbage-first heap   total 688128K, used 87585K [0x000000060de00000, 0x0000000800000000)
  region size 2048K, 10 young (20480K), 10 survivors (20480K)
 Metaspace       used 63541K, capacity 64455K, committed 64768K, reserved 1105920K
  class space    used 7038K, capacity 7418K, committed 7500K, reserved 1048576K
}
Event: 9.653 GC heap before
{Heap before GC invocations=11 (full 0):
 garbage-first heap   total 688128K, used 288289K [0x000000060de00000, 0x0000000800000000)
  region size 2048K, 108 young (221184K), 10 survivors (20480K)
 Metaspace       used 71165K, capacity 72135K, committed 72576K, reserved 1114112K
  class space    used 7648K, capacity 8021K, committed 8140K, reserved 1048576K
}
Event: 9.669 GC heap after
{Heap after GC invocations=12 (full 0):
 garbage-first heap   total 688128K, used 109930K [0x000000060de00000, 0x0000000800000000)
  region size 2048K, 12 young (24576K), 12 survivors (24576K)
 Metaspace       used 71165K, capacity 72135K, committed 72576K, reserved 1114112K
  class space    used 7648K, capacity 8021K, committed 8140K, reserved 1048576K
}

