# JRE version: OpenJDK Runtime Environment (11.0.18+10) (build 11.0.18+10-post-Ubuntu-0ubuntu122.04)
# Java VM: OpenJDK 64-Bit Server VM (11.0.18+10-post-Ubuntu-0ubuntu122.04, mixed mode, sharing, tiered, compressed oops, g1 gc, linux-amd64)
Heap:
 garbage-first heap   total 641024K, used 160301K [0x000000060de00000, 0x0000000800000000)
  region size 2048K, 52 young (106496K), 3 survivors (6144K)
 Metaspace       used 62658K, capacity 63559K, committed 64204K, reserved 1105920K
  class space    used 7025K, capacity 7381K, committed 7448K, reserved 1048576K
GC Heap History (12 events):
Event: 0.290 GC heap before
{Heap before GC invocations=0 (full 0):
 garbage-first heap   total 516096K, used 27340K [0x000000060de00000, 0x0000000800000000)
  region size 2048K, 12 young (24576K), 0 survivors (0K)
 Metaspace       used 6350K, capacity 9597K, committed 9728K, reserved 1058816K
  class space    used 628K, capacity 942K, committed 1024K, reserved 1048576K
}
Event: 0.294 GC heap after
{Heap after GC invocations=1 (full 0):
 garbage-first heap   total 516096K, used 7152K [0x000000060de00000, 0x0000000800000000)
  region size 2048K, 2 young (4096K), 2 survivors (4096K)
 Metaspace       used 6350K, capacity 9597K, committed 9728K, reserved 1058816K
  class space    used 628K, capacity 942K, committed 1024K, reserved 1048576K
}
Event: 0.682 GC heap before
{Heap before GC invocations=1 (full 0):
 garbage-first heap   total 516096K, used 68592K [0x000000060de00000, 0x0000000800000000)
  region size 2048K, 31 young (63488K), 2 survivors (4096K)
 Metaspace       used 20012K, capacity 21015K, committed 21248K, reserved 1069056K
  class space    used 2262K, capacity 2450K, committed 2560K, reserved 1048576K
}
Event: 0.687 GC heap after
{Heap after GC invocations=2 (full 0):
 garbage-first heap   total 516096K, used 16510K [0x000000060de00000, 0x0000000800000000)
  region size 2048K, 4 young (8192K), 4 survivors (8192K)
 Metaspace       used 20012K, capacity 21015K, committed 21248K, reserved 1069056K
  class space    used 2262K, capacity 2450K, committed 2560K, reserved 1048576K
}
Event: 1.145 GC heap before
{Heap before GC invocations=3 (full 0):
 garbage-first heap   total 516096K, used 94334K [0x000000060de00000, 0x0000000800000000)
  region size 2048K, 42 young (86016K), 4 survivors (8192K)
 Metaspace       used 34612K, capacity 35294K, committed 35840K, reserved 1081344K
  class space    used 4292K, capacity 4476K, committed 4480K, reserved 1048576K
}
Event: 1.160 GC heap after
{Heap after GC invocations=4 (full 0):
 garbage-first heap   total 516096K, used 25400K [0x000000060de00000, 0x0000000800000000)
  region size 2048K, 8 young (16384K), 8 survivors (16384K)
 Metaspace       used 34612K, capacity 35294K, committed 35840K, reserved 1081344K
  class space    used 4292K, capacity 4476K, committed 4480K, reserved 1048576K
}
Event: 2.304 GC heap before
{Heap before GC invocations=5 (full 0):
 garbage-first heap   total 516096K, used 119608K [0x000000060de00000, 0x0000000800000000)
  region size 2048K, 53 young (108544K), 8 survivors (16384K)
 Metaspace       used 48024K, capacity 48666K, committed 49356K, reserved 1093632K
  class space    used 5686K, capacity 5968K, committed 6092K, reserved 1048576K
}
Event: 2.311 GC heap after
{Heap after GC invocations=6 (full 0):
 garbage-first heap   total 516096K, used 37934K [0x000000060de00000, 0x0000000800000000)
  region size 2048K, 6 young (12288K), 6 survivors (12288K)
 Metaspace       used 48024K, capacity 48666K, committed 49356K, reserved 1093632K
  class space    used 5686K, capacity 5968K, committed 6092K, reserved 1048576K
}
Event: 3.637 GC heap before
{Heap before GC invocations=6 (full 0):
 garbage-first heap   total 516096K, used 150574K [0x000000060de00000, 0x0000000800000000)
  region size 2048K, 61 young (124928K), 6 survivors (12288K)
 Metaspace       used 56029K, capacity 56840K, committed 57420K, reserved 1099776K
  class space    used 6551K, capacity 6908K, committed 6988K, reserved 1048576K
}
Event: 3.663 GC heap after
{Heap after GC invocations=7 (full 0):
 garbage-first heap   total 641024K, used 55252K [0x000000060de00000, 0x0000000800000000)
  region size 2048K, 8 young (16384K), 8 survivors (16384K)
 Metaspace       used 56029K, capacity 56840K, committed 57420K, reserved 1099776K
  class space    used 6551K, capacity 6908K, committed 6988K, reserved 1048576K
}
Event: 4.410 GC heap before
{Heap before GC invocations=7 (full 0):
 garbage-first heap   total 641024K, used 92116K [0x000000060de00000, 0x0000000800000000)
  region size 2048K, 28 young (57344K), 8 survivors (16384K)
 Metaspace       used 59009K, capacity 59827K, committed 60288K, reserved 1101824K
  class space    used 6750K, capacity 7088K, committed 7116K, reserved 1048576K
}
Event: 4.416 GC heap after
{Heap after GC invocations=8 (full 0):
 garbage-first heap   total 641024K, used 59949K [0x000000060de00000, 0x0000000800000000)
  region size 2048K, 3 young (6144K), 3 survivors (6144K)
 Metaspace       used 59009K, capacity 59827K, committed 60288K, reserved 1101824K
  class space    used 6750K, capacity 7088K, committed 7116K, reserved 1048576K
}

