{"/home/extended/Dev/foodDev/App.tsx": {"path":"/home/extended/Dev/foodDev/App.tsx","statementMap":{"0":{"start":{"line":18,"column":4},"end":{"line":18,"column":17}},"1":{"start":{"line":19,"column":4},"end":{"line":21,"column":6}},"2":{"start":{"line":25,"column":4},"end":{"line":27,"column":13}},"3":{"start":{"line":26,"column":6},"end":{"line":26,"column":40}},"4":{"start":{"line":31,"column":4},"end":{"line":33,"column":5}},"5":{"start":{"line":32,"column":6},"end":{"line":32,"column":24}},"6":{"start":{"line":35,"column":4},"end":{"line":39,"column":6}},"7":{"start":{"line":43,"column":15},"end":{"line":43,"column":36}}},"fnMap":{"0":{"name":"(anonymous_0)","decl":{"start":{"line":17,"column":2},"end":{"line":17,"column":3}},"loc":{"start":{"line":17,"column":29},"end":{"line":22,"column":3}},"line":17},"1":{"name":"(anonymous_1)","decl":{"start":{"line":24,"column":2},"end":{"line":24,"column":3}},"loc":{"start":{"line":24,"column":28},"end":{"line":28,"column":3}},"line":24},"2":{"name":"(anonymous_2)","decl":{"start":{"line":25,"column":15},"end":{"line":25,"column":16}},"loc":{"start":{"line":25,"column":21},"end":{"line":27,"column":5}},"line":25},"3":{"name":"(anonymous_3)","decl":{"start":{"line":30,"column":2},"end":{"line":30,"column":3}},"loc":{"start":{"line":30,"column":11},"end":{"line":40,"column":3}},"line":30}},"branchMap":{"0":{"loc":{"start":{"line":31,"column":4},"end":{"line":33,"column":5}},"type":"if","locations":[{"start":{"line":31,"column":4},"end":{"line":33,"column":5}},{"start":{},"end":{}}],"line":31}},"s":{"0":4,"1":4,"2":4,"3":1,"4":5,"5":4,"6":1,"7":1},"f":{"0":4,"1":4,"2":1,"3":5},"b":{"0":[4,1]},"_coverageSchema":"1a1c01bbd47fc00a2c39e90264f33305004495a9","hash":"1d079caaa302f7a676ebf0ef8e843e5b9b8f8ad9"}
,"/home/extended/Dev/foodDev/components/AllowLocation.tsx": {"path":"/home/extended/Dev/foodDev/components/AllowLocation.tsx","statementMap":{"0":{"start":{"line":11,"column":4},"end":{"line":11,"column":17}},"1":{"start":{"line":15,"column":4},"end":{"line":45,"column":6}},"2":{"start":{"line":31,"column":25},"end":{"line":31,"column":64}},"3":{"start":{"line":49,"column":15},"end":{"line":84,"column":2}}},"fnMap":{"0":{"name":"(anonymous_0)","decl":{"start":{"line":10,"column":2},"end":{"line":10,"column":3}},"loc":{"start":{"line":10,"column":29},"end":{"line":12,"column":3}},"line":10},"1":{"name":"(anonymous_1)","decl":{"start":{"line":14,"column":2},"end":{"line":14,"column":3}},"loc":{"start":{"line":14,"column":11},"end":{"line":46,"column":3}},"line":14},"2":{"name":"(anonymous_2)","decl":{"start":{"line":31,"column":19},"end":{"line":31,"column":20}},"loc":{"start":{"line":31,"column":25},"end":{"line":31,"column":64}},"line":31}},"branchMap":{},"s":{"0":3,"1":3,"2":1,"3":2},"f":{"0":3,"1":3,"2":1},"b":{},"_coverageSchema":"1a1c01bbd47fc00a2c39e90264f33305004495a9","hash":"773e3f6c76cd1fa88c9b8a991363ee8baec55cee"}
,"/home/extended/Dev/foodDev/components/Login.tsx": {"path":"/home/extended/Dev/foodDev/components/Login.tsx","statementMap":{"0":{"start":{"line":25,"column":4},"end":{"line":25,"column":17}},"1":{"start":{"line":26,"column":4},"end":{"line":31,"column":6}},"2":{"start":{"line":34,"column":29},"end":{"line":37,"column":3}},"3":{"start":{"line":35,"column":32},"end":{"line":35,"column":61}},"4":{"start":{"line":36,"column":4},"end":{"line":36,"column":55}},"5":{"start":{"line":39,"column":17},"end":{"line":62,"column":3}},"6":{"start":{"line":40,"column":51},"end":{"line":40,"column":61}},"7":{"start":{"line":41,"column":20},"end":{"line":41,"column":29}},"8":{"start":{"line":43,"column":4},"end":{"line":47,"column":5}},"9":{"start":{"line":45,"column":4},"end":{"line":45,"column":61}},"10":{"start":{"line":46,"column":4},"end":{"line":46,"column":37}},"11":{"start":{"line":48,"column":4},"end":{"line":61,"column":5}},"12":{"start":{"line":49,"column":6},"end":{"line":49,"column":37}},"13":{"start":{"line":50,"column":6},"end":{"line":52,"column":9}},"14":{"start":{"line":56,"column":6},"end":{"line":56,"column":39}},"15":{"start":{"line":57,"column":6},"end":{"line":57,"column":39}},"16":{"start":{"line":58,"column":6},"end":{"line":60,"column":9}},"17":{"start":{"line":64,"column":28},"end":{"line":64,"column":38}},"18":{"start":{"line":65,"column":4},"end":{"line":159,"column":6}},"19":{"start":{"line":115,"column":42},"end":{"line":115,"column":67}},"20":{"start":{"line":126,"column":29},"end":{"line":126,"column":72}},"21":{"start":{"line":153,"column":29},"end":{"line":153,"column":71}},"22":{"start":{"line":163,"column":15},"end":{"line":256,"column":2}}},"fnMap":{"0":{"name":"(anonymous_0)","decl":{"start":{"line":24,"column":2},"end":{"line":24,"column":3}},"loc":{"start":{"line":24,"column":29},"end":{"line":32,"column":3}},"line":24},"1":{"name":"(anonymous_1)","decl":{"start":{"line":34,"column":29},"end":{"line":34,"column":30}},"loc":{"start":{"line":34,"column":55},"end":{"line":37,"column":3}},"line":34},"2":{"name":"(anonymous_2)","decl":{"start":{"line":39,"column":17},"end":{"line":39,"column":18}},"loc":{"start":{"line":39,"column":23},"end":{"line":62,"column":3}},"line":39},"3":{"name":"(anonymous_3)","decl":{"start":{"line":63,"column":2},"end":{"line":63,"column":3}},"loc":{"start":{"line":63,"column":11},"end":{"line":160,"column":3}},"line":63},"4":{"name":"(anonymous_4)","decl":{"start":{"line":115,"column":32},"end":{"line":115,"column":33}},"loc":{"start":{"line":115,"column":40},"end":{"line":115,"column":68}},"line":115},"5":{"name":"(anonymous_5)","decl":{"start":{"line":126,"column":23},"end":{"line":126,"column":24}},"loc":{"start":{"line":126,"column":29},"end":{"line":126,"column":72}},"line":126},"6":{"name":"(anonymous_6)","decl":{"start":{"line":153,"column":23},"end":{"line":153,"column":24}},"loc":{"start":{"line":153,"column":29},"end":{"line":153,"column":71}},"line":153}},"branchMap":{"0":{"loc":{"start":{"line":43,"column":4},"end":{"line":47,"column":5}},"type":"if","locations":[{"start":{"line":43,"column":4},"end":{"line":47,"column":5}},{"start":{},"end":{}}],"line":43},"1":{"loc":{"start":{"line":48,"column":4},"end":{"line":61,"column":5}},"type":"if","locations":[{"start":{"line":48,"column":4},"end":{"line":61,"column":5}},{"start":{"line":54,"column":8},"end":{"line":61,"column":5}}],"line":48}},"s":{"0":0,"1":0,"2":0,"3":0,"4":0,"5":0,"6":0,"7":0,"8":0,"9":0,"10":0,"11":0,"12":0,"13":0,"14":0,"15":0,"16":0,"17":0,"18":0,"19":0,"20":0,"21":0,"22":1},"f":{"0":0,"1":0,"2":0,"3":0,"4":0,"5":0,"6":0},"b":{"0":[0,0],"1":[0,0]},"_coverageSchema":"1a1c01bbd47fc00a2c39e90264f33305004495a9","hash":"db3456738fad412aedd2140e24ecf3c612f71c79"}
,"/home/extended/Dev/foodDev/components/OnboardScreen.tsx": {"path":"/home/extended/Dev/foodDev/components/OnboardScreen.tsx","statementMap":{"0":{"start":{"line":25,"column":4},"end":{"line":25,"column":17}},"1":{"start":{"line":26,"column":4},"end":{"line":41,"column":6}},"2":{"start":{"line":44,"column":4},"end":{"line":48,"column":13}},"3":{"start":{"line":45,"column":42},"end":{"line":45,"column":52}},"4":{"start":{"line":46,"column":24},"end":{"line":46,"column":58}},"5":{"start":{"line":47,"column":6},"end":{"line":47,"column":47}},"6":{"start":{"line":51,"column":4},"end":{"line":51,"column":33}},"7":{"start":{"line":54,"column":59},"end":{"line":54,"column":69}},"8":{"start":{"line":55,"column":4},"end":{"line":126,"column":6}},"9":{"start":{"line":80,"column":27},"end":{"line":80,"column":74}},"10":{"start":{"line":130,"column":15},"end":{"line":228,"column":2}}},"fnMap":{"0":{"name":"(anonymous_0)","decl":{"start":{"line":24,"column":2},"end":{"line":24,"column":3}},"loc":{"start":{"line":24,"column":29},"end":{"line":42,"column":3}},"line":24},"1":{"name":"(anonymous_1)","decl":{"start":{"line":43,"column":2},"end":{"line":43,"column":3}},"loc":{"start":{"line":43,"column":22},"end":{"line":49,"column":3}},"line":43},"2":{"name":"(anonymous_2)","decl":{"start":{"line":44,"column":32},"end":{"line":44,"column":33}},"loc":{"start":{"line":44,"column":38},"end":{"line":48,"column":5}},"line":44},"3":{"name":"(anonymous_3)","decl":{"start":{"line":50,"column":2},"end":{"line":50,"column":3}},"loc":{"start":{"line":50,"column":25},"end":{"line":52,"column":3}},"line":50},"4":{"name":"(anonymous_4)","decl":{"start":{"line":53,"column":2},"end":{"line":53,"column":3}},"loc":{"start":{"line":53,"column":11},"end":{"line":127,"column":3}},"line":53},"5":{"name":"(anonymous_5)","decl":{"start":{"line":80,"column":21},"end":{"line":80,"column":22}},"loc":{"start":{"line":80,"column":27},"end":{"line":80,"column":74}},"line":80}},"branchMap":{"0":{"loc":{"start":{"line":70,"column":13},"end":{"line":76,"column":20}},"type":"cond-expr","locations":[{"start":{"line":71,"column":14},"end":{"line":75,"column":16}},{"start":{"line":76,"column":16},"end":{"line":76,"column":20}}],"line":70},"1":{"loc":{"start":{"line":116,"column":21},"end":{"line":116,"column":70}},"type":"cond-expr","locations":[{"start":{"line":116,"column":41},"end":{"line":116,"column":54}},{"start":{"line":116,"column":57},"end":{"line":116,"column":70}}],"line":116},"2":{"loc":{"start":{"line":118,"column":21},"end":{"line":118,"column":70}},"type":"cond-expr","locations":[{"start":{"line":118,"column":41},"end":{"line":118,"column":54}},{"start":{"line":118,"column":57},"end":{"line":118,"column":70}}],"line":118},"3":{"loc":{"start":{"line":120,"column":21},"end":{"line":120,"column":70}},"type":"cond-expr","locations":[{"start":{"line":120,"column":41},"end":{"line":120,"column":54}},{"start":{"line":120,"column":57},"end":{"line":120,"column":70}}],"line":120},"4":{"loc":{"start":{"line":122,"column":21},"end":{"line":122,"column":70}},"type":"cond-expr","locations":[{"start":{"line":122,"column":41},"end":{"line":122,"column":54}},{"start":{"line":122,"column":57},"end":{"line":122,"column":70}}],"line":122}},"s":{"0":9,"1":9,"2":9,"3":3,"4":3,"5":3,"6":7,"7":12,"8":12,"9":1,"10":3},"f":{"0":9,"1":9,"2":3,"3":7,"4":12,"5":1},"b":{"0":[9,3],"1":[9,3],"2":[1,11],"3":[1,11],"4":[1,11]},"_coverageSchema":"1a1c01bbd47fc00a2c39e90264f33305004495a9","hash":"bed05eb45faad6860eb1cb083c761f428cf4c441"}
,"/home/extended/Dev/foodDev/components/OtpVerify.tsx": {"path":"/home/extended/Dev/foodDev/components/OtpVerify.tsx","statementMap":{"0":{"start":{"line":8,"column":4},"end":{"line":48,"column":6}},"1":{"start":{"line":52,"column":15},"end":{"line":102,"column":2}}},"fnMap":{"0":{"name":"(anonymous_0)","decl":{"start":{"line":7,"column":2},"end":{"line":7,"column":3}},"loc":{"start":{"line":7,"column":11},"end":{"line":49,"column":3}},"line":7}},"branchMap":{},"s":{"0":2,"1":2},"f":{"0":2},"b":{},"_coverageSchema":"1a1c01bbd47fc00a2c39e90264f33305004495a9","hash":"6dea19cd770f29d654d40537dde282a7bf52f4f4"}
,"/home/extended/Dev/foodDev/components/Register.tsx": {"path":"/home/extended/Dev/foodDev/components/Register.tsx","statementMap":{"0":{"start":{"line":11,"column":24},"end":{"line":11,"column":48}},"1":{"start":{"line":28,"column":4},"end":{"line":28,"column":17}},"2":{"start":{"line":29,"column":4},"end":{"line":35,"column":6}},"3":{"start":{"line":37,"column":29},"end":{"line":40,"column":3}},"4":{"start":{"line":38,"column":32},"end":{"line":38,"column":61}},"5":{"start":{"line":39,"column":4},"end":{"line":39,"column":55}},"6":{"start":{"line":42,"column":17},"end":{"line":74,"column":3}},"7":{"start":{"line":43,"column":68},"end":{"line":43,"column":78}},"8":{"start":{"line":45,"column":21},"end":{"line":45,"column":40}},"9":{"start":{"line":47,"column":22},"end":{"line":47,"column":50}},"10":{"start":{"line":49,"column":20},"end":{"line":49,"column":29}},"11":{"start":{"line":51,"column":4},"end":{"line":54,"column":5}},"12":{"start":{"line":52,"column":6},"end":{"line":52,"column":63}},"13":{"start":{"line":53,"column":6},"end":{"line":53,"column":13}},"14":{"start":{"line":56,"column":4},"end":{"line":59,"column":5}},"15":{"start":{"line":57,"column":6},"end":{"line":57,"column":73}},"16":{"start":{"line":58,"column":6},"end":{"line":58,"column":13}},"17":{"start":{"line":60,"column":4},"end":{"line":65,"column":5}},"18":{"start":{"line":62,"column":4},"end":{"line":62,"column":61}},"19":{"start":{"line":64,"column":4},"end":{"line":64,"column":11}},"20":{"start":{"line":66,"column":4},"end":{"line":73,"column":5}},"21":{"start":{"line":67,"column":6},"end":{"line":67,"column":72}},"22":{"start":{"line":68,"column":6},"end":{"line":68,"column":13}},"23":{"start":{"line":71,"column":6},"end":{"line":71,"column":65}},"24":{"start":{"line":72,"column":6},"end":{"line":72,"column":46}},"25":{"start":{"line":77,"column":32},"end":{"line":77,"column":42}},"26":{"start":{"line":78,"column":4},"end":{"line":231,"column":6}},"27":{"start":{"line":111,"column":33},"end":{"line":111,"column":57}},"28":{"start":{"line":148,"column":33},"end":{"line":148,"column":58}},"29":{"start":{"line":172,"column":36},"end":{"line":172,"column":63}},"30":{"start":{"line":235,"column":15},"end":{"line":325,"column":2}}},"fnMap":{"0":{"name":"(anonymous_0)","decl":{"start":{"line":27,"column":2},"end":{"line":27,"column":3}},"loc":{"start":{"line":27,"column":29},"end":{"line":36,"column":3}},"line":27},"1":{"name":"(anonymous_1)","decl":{"start":{"line":37,"column":29},"end":{"line":37,"column":30}},"loc":{"start":{"line":37,"column":44},"end":{"line":40,"column":3}},"line":37},"2":{"name":"(anonymous_2)","decl":{"start":{"line":42,"column":17},"end":{"line":42,"column":18}},"loc":{"start":{"line":42,"column":23},"end":{"line":74,"column":3}},"line":42},"3":{"name":"(anonymous_3)","decl":{"start":{"line":76,"column":2},"end":{"line":76,"column":3}},"loc":{"start":{"line":76,"column":11},"end":{"line":232,"column":3}},"line":76},"4":{"name":"(anonymous_4)","decl":{"start":{"line":111,"column":28},"end":{"line":111,"column":29}},"loc":{"start":{"line":111,"column":33},"end":{"line":111,"column":57}},"line":111},"5":{"name":"(anonymous_5)","decl":{"start":{"line":148,"column":28},"end":{"line":148,"column":29}},"loc":{"start":{"line":148,"column":33},"end":{"line":148,"column":58}},"line":148},"6":{"name":"(anonymous_6)","decl":{"start":{"line":172,"column":32},"end":{"line":172,"column":33}},"loc":{"start":{"line":172,"column":36},"end":{"line":172,"column":63}},"line":172}},"branchMap":{"0":{"loc":{"start":{"line":51,"column":4},"end":{"line":54,"column":5}},"type":"if","locations":[{"start":{"line":51,"column":4},"end":{"line":54,"column":5}},{"start":{},"end":{}}],"line":51},"1":{"loc":{"start":{"line":56,"column":4},"end":{"line":59,"column":5}},"type":"if","locations":[{"start":{"line":56,"column":4},"end":{"line":59,"column":5}},{"start":{},"end":{}}],"line":56},"2":{"loc":{"start":{"line":60,"column":4},"end":{"line":65,"column":5}},"type":"if","locations":[{"start":{"line":60,"column":4},"end":{"line":65,"column":5}},{"start":{},"end":{}}],"line":60},"3":{"loc":{"start":{"line":66,"column":4},"end":{"line":73,"column":5}},"type":"if","locations":[{"start":{"line":66,"column":4},"end":{"line":73,"column":5}},{"start":{"line":70,"column":8},"end":{"line":73,"column":5}}],"line":66}},"s":{"0":2,"1":6,"2":6,"3":6,"4":1,"5":1,"6":6,"7":4,"8":4,"9":4,"10":4,"11":4,"12":3,"13":3,"14":1,"15":1,"16":1,"17":0,"18":0,"19":0,"20":0,"21":0,"22":0,"23":0,"24":0,"25":10,"26":10,"27":1,"28":1,"29":1,"30":2},"f":{"0":6,"1":1,"2":4,"3":10,"4":1,"5":1,"6":1},"b":{"0":[3,1],"1":[1,0],"2":[0,0],"3":[0,0]},"_coverageSchema":"1a1c01bbd47fc00a2c39e90264f33305004495a9","hash":"726c73f6ddd940f4f2c392544decaae3dbbe09e5"}
,"/home/extended/Dev/foodDev/components/Screens.tsx": {"path":"/home/extended/Dev/foodDev/components/Screens.tsx","statementMap":{"0":{"start":{"line":12,"column":14},"end":{"line":12,"column":36}},"1":{"start":{"line":16,"column":4},"end":{"line":27,"column":5}},"2":{"start":{"line":31,"column":15},"end":{"line":31,"column":36}}},"fnMap":{"0":{"name":"(anonymous_0)","decl":{"start":{"line":15,"column":2},"end":{"line":15,"column":3}},"loc":{"start":{"line":15,"column":11},"end":{"line":28,"column":3}},"line":15}},"branchMap":{},"s":{"0":1,"1":2,"2":1},"f":{"0":2},"b":{},"_coverageSchema":"1a1c01bbd47fc00a2c39e90264f33305004495a9","hash":"547d076cfce4ce6a5483c02c6c2e915444ce7854"}
,"/home/extended/Dev/foodDev/components/Splash.tsx": {"path":"/home/extended/Dev/foodDev/components/Splash.tsx","statementMap":{"0":{"start":{"line":7,"column":4},"end":{"line":21,"column":6}},"1":{"start":{"line":25,"column":15},"end":{"line":54,"column":2}}},"fnMap":{"0":{"name":"(anonymous_0)","decl":{"start":{"line":6,"column":2},"end":{"line":6,"column":3}},"loc":{"start":{"line":6,"column":11},"end":{"line":22,"column":3}},"line":6}},"branchMap":{},"s":{"0":6,"1":2},"f":{"0":6},"b":{},"_coverageSchema":"1a1c01bbd47fc00a2c39e90264f33305004495a9","hash":"6df43576668c3c09a77fd20584b79cf8b9e4a98d"}
,"/home/extended/Dev/foodDev/images/Rectangle.png": {"path":"/home/extended/Dev/foodDev/images/Rectangle.png","statementMap":{"0":{"start":{"line":1,"column":0},"end":{"line":4,"column":6}}},"fnMap":{},"branchMap":{},"s":{"0":2},"f":{},"b":{},"_coverageSchema":"1a1c01bbd47fc00a2c39e90264f33305004495a9","hash":"7e78b312f234e9e12617b6708a949e464869baf3"}
,"/home/extended/Dev/foodDev/images/Sicon.png": {"path":"/home/extended/Dev/foodDev/images/Sicon.png","statementMap":{"0":{"start":{"line":1,"column":0},"end":{"line":4,"column":6}}},"fnMap":{},"branchMap":{},"s":{"0":2},"f":{},"b":{},"_coverageSchema":"1a1c01bbd47fc00a2c39e90264f33305004495a9","hash":"50b943e5f6f0786c2a66c561dfcd2aa78a317547"}
,"/home/extended/Dev/foodDev/images/Vector.png": {"path":"/home/extended/Dev/foodDev/images/Vector.png","statementMap":{"0":{"start":{"line":1,"column":0},"end":{"line":4,"column":6}}},"fnMap":{},"branchMap":{},"s":{"0":3},"f":{},"b":{},"_coverageSchema":"1a1c01bbd47fc00a2c39e90264f33305004495a9","hash":"8c401d7362a739f3a8ae455bbcaafcdaba1a257b"}
,"/home/extended/Dev/foodDev/images/bgColor.png": {"path":"/home/extended/Dev/foodDev/images/bgColor.png","statementMap":{"0":{"start":{"line":1,"column":0},"end":{"line":4,"column":6}}},"fnMap":{},"branchMap":{},"s":{"0":3},"f":{},"b":{},"_coverageSchema":"1a1c01bbd47fc00a2c39e90264f33305004495a9","hash":"d260d6dbb6f51e15bc337d79b989af724edb6225"}
,"/home/extended/Dev/foodDev/images/burger.png": {"path":"/home/extended/Dev/foodDev/images/burger.png","statementMap":{"0":{"start":{"line":1,"column":0},"end":{"line":4,"column":6}}},"fnMap":{},"branchMap":{},"s":{"0":3},"f":{},"b":{},"_coverageSchema":"1a1c01bbd47fc00a2c39e90264f33305004495a9","hash":"e002e57d57e7dc8acfa763c01f3fa0378d961fef"}
,"/home/extended/Dev/foodDev/images/chef1.png": {"path":"/home/extended/Dev/foodDev/images/chef1.png","statementMap":{"0":{"start":{"line":1,"column":0},"end":{"line":4,"column":6}}},"fnMap":{},"branchMap":{},"s":{"0":3},"f":{},"b":{},"_coverageSchema":"1a1c01bbd47fc00a2c39e90264f33305004495a9","hash":"d5e5a99636a130770277dc14a69146982feb02ae"}
,"/home/extended/Dev/foodDev/images/downArrow.png": {"path":"/home/extended/Dev/foodDev/images/downArrow.png","statementMap":{"0":{"start":{"line":1,"column":0},"end":{"line":4,"column":6}}},"fnMap":{},"branchMap":{},"s":{"0":1},"f":{},"b":{},"_coverageSchema":"1a1c01bbd47fc00a2c39e90264f33305004495a9","hash":"4599ea3b392551d3c3e16dbf2b681a0fd01408a7"}
,"/home/extended/Dev/foodDev/images/foodimg1.png": {"path":"/home/extended/Dev/foodDev/images/foodimg1.png","statementMap":{"0":{"start":{"line":1,"column":0},"end":{"line":4,"column":6}}},"fnMap":{},"branchMap":{},"s":{"0":3},"f":{},"b":{},"_coverageSchema":"1a1c01bbd47fc00a2c39e90264f33305004495a9","hash":"954ed8e78f00693ccbd52bfc751ae56d4cc72884"}
,"/home/extended/Dev/foodDev/images/foodimg2.png": {"path":"/home/extended/Dev/foodDev/images/foodimg2.png","statementMap":{"0":{"start":{"line":1,"column":0},"end":{"line":4,"column":6}}},"fnMap":{},"branchMap":{},"s":{"0":3},"f":{},"b":{},"_coverageSchema":"1a1c01bbd47fc00a2c39e90264f33305004495a9","hash":"4834362b158c908c78489c791bf6d0c7a52bd031"}
,"/home/extended/Dev/foodDev/images/locationLogo.png": {"path":"/home/extended/Dev/foodDev/images/locationLogo.png","statementMap":{"0":{"start":{"line":1,"column":0},"end":{"line":4,"column":6}}},"fnMap":{},"branchMap":{},"s":{"0":1},"f":{},"b":{},"_coverageSchema":"1a1c01bbd47fc00a2c39e90264f33305004495a9","hash":"c6b43cbbabb30e4315b3266828da6e5612ae4c77"}
,"/home/extended/Dev/foodDev/images/pizzaboy.png": {"path":"/home/extended/Dev/foodDev/images/pizzaboy.png","statementMap":{"0":{"start":{"line":1,"column":0},"end":{"line":4,"column":6}}},"fnMap":{},"branchMap":{},"s":{"0":3},"f":{},"b":{},"_coverageSchema":"1a1c01bbd47fc00a2c39e90264f33305004495a9","hash":"a29cd390222be0323716ad242dcc6861c7acf66b"}
,"/home/extended/Dev/foodDev/images/rightArraw.png": {"path":"/home/extended/Dev/foodDev/images/rightArraw.png","statementMap":{"0":{"start":{"line":1,"column":0},"end":{"line":4,"column":6}}},"fnMap":{},"branchMap":{},"s":{"0":1},"f":{},"b":{},"_coverageSchema":"1a1c01bbd47fc00a2c39e90264f33305004495a9","hash":"4892686e5ffe3048f9a12bdb8966ab94061608fe"}
,"/home/extended/Dev/foodDev/images/skip.png": {"path":"/home/extended/Dev/foodDev/images/skip.png","statementMap":{"0":{"start":{"line":1,"column":0},"end":{"line":4,"column":6}}},"fnMap":{},"branchMap":{},"s":{"0":3},"f":{},"b":{},"_coverageSchema":"1a1c01bbd47fc00a2c39e90264f33305004495a9","hash":"36b67c17b0246db0438ae9ca91d95d03c22fabc6"}
,"/home/extended/Dev/foodDev/images/OTP/emailPic.png": {"path":"/home/extended/Dev/foodDev/images/OTP/emailPic.png","statementMap":{"0":{"start":{"line":1,"column":0},"end":{"line":4,"column":6}}},"fnMap":{},"branchMap":{},"s":{"0":1},"f":{},"b":{},"_coverageSchema":"1a1c01bbd47fc00a2c39e90264f33305004495a9","hash":"881d7ee6056ebc0863c16fb92884834d1c5d4581"}
,"/home/extended/Dev/foodDev/images/OTP/reload.png": {"path":"/home/extended/Dev/foodDev/images/OTP/reload.png","statementMap":{"0":{"start":{"line":1,"column":0},"end":{"line":4,"column":6}}},"fnMap":{},"branchMap":{},"s":{"0":1},"f":{},"b":{},"_coverageSchema":"1a1c01bbd47fc00a2c39e90264f33305004495a9","hash":"a3ed026e7cb3976056e200813511d28be961ee1a"}
,"/home/extended/Dev/foodDev/images/login/backArrow.png": {"path":"/home/extended/Dev/foodDev/images/login/backArrow.png","statementMap":{"0":{"start":{"line":1,"column":0},"end":{"line":4,"column":6}}},"fnMap":{},"branchMap":{},"s":{"0":1},"f":{},"b":{},"_coverageSchema":"1a1c01bbd47fc00a2c39e90264f33305004495a9","hash":"db0f5eb27177d9bc90ab285a1f55d2136707e40f"}
,"/home/extended/Dev/foodDev/images/login/bgresto.png": {"path":"/home/extended/Dev/foodDev/images/login/bgresto.png","statementMap":{"0":{"start":{"line":1,"column":0},"end":{"line":4,"column":6}}},"fnMap":{},"branchMap":{},"s":{"0":1},"f":{},"b":{},"_coverageSchema":"1a1c01bbd47fc00a2c39e90264f33305004495a9","hash":"14e02783739dea9acc5141c6bcf75c883754e4f4"}
,"/home/extended/Dev/foodDev/images/login/emaillogo.png": {"path":"/home/extended/Dev/foodDev/images/login/emaillogo.png","statementMap":{"0":{"start":{"line":1,"column":0},"end":{"line":4,"column":6}}},"fnMap":{},"branchMap":{},"s":{"0":1},"f":{},"b":{},"_coverageSchema":"1a1c01bbd47fc00a2c39e90264f33305004495a9","hash":"6eefce9a5011791f71ad9b23bc8d9de501adcb3b"}
,"/home/extended/Dev/foodDev/images/login/menlogo.png": {"path":"/home/extended/Dev/foodDev/images/login/menlogo.png","statementMap":{"0":{"start":{"line":1,"column":0},"end":{"line":4,"column":6}}},"fnMap":{},"branchMap":{},"s":{"0":1},"f":{},"b":{},"_coverageSchema":"1a1c01bbd47fc00a2c39e90264f33305004495a9","hash":"100a56d13c733156630ee8523f13b8d925bf44d9"}
}
