TN:
SF:App.tsx
FN:17,(anonymous_0)
FN:24,(anonymous_1)
FN:25,(anonymous_2)
FN:30,(anonymous_3)
FNF:4
FNH:4
FNDA:4,(anonymous_0)
FNDA:4,(anonymous_1)
FNDA:1,(anonymous_2)
FNDA:5,(anonymous_3)
DA:18,4
DA:19,4
DA:25,4
DA:26,1
DA:31,5
DA:32,4
DA:35,1
DA:43,1
LF:8
LH:8
BRDA:31,0,0,4
BRDA:31,0,1,1
BRF:2
BRH:2
end_of_record
TN:
SF:components/AllowLocation.tsx
FN:10,(anonymous_0)
FN:14,(anonymous_1)
FN:31,(anonymous_2)
FNF:3
FNH:3
FNDA:3,(anonymous_0)
FNDA:3,(anonymous_1)
FNDA:1,(anonymous_2)
DA:11,3
DA:15,3
DA:31,1
DA:49,2
LF:4
LH:4
BRF:0
BRH:0
end_of_record
TN:
SF:components/Login.tsx
FN:24,(anonymous_0)
FN:34,(anonymous_1)
FN:39,(anonymous_2)
FN:63,(anonymous_3)
FN:115,(anonymous_4)
FN:126,(anonymous_5)
FN:153,(anonymous_6)
FNF:7
FNH:0
FNDA:0,(anonymous_0)
FNDA:0,(anonymous_1)
FNDA:0,(anonymous_2)
FNDA:0,(anonymous_3)
FNDA:0,(anonymous_4)
FNDA:0,(anonymous_5)
FNDA:0,(anonymous_6)
DA:25,0
DA:26,0
DA:34,0
DA:35,0
DA:36,0
DA:39,0
DA:40,0
DA:41,0
DA:43,0
DA:45,0
DA:46,0
DA:48,0
DA:49,0
DA:50,0
DA:56,0
DA:57,0
DA:58,0
DA:64,0
DA:65,0
DA:115,0
DA:126,0
DA:153,0
DA:163,1
LF:23
LH:1
BRDA:43,0,0,0
BRDA:43,0,1,0
BRDA:48,1,0,0
BRDA:48,1,1,0
BRF:4
BRH:0
end_of_record
TN:
SF:components/OnboardScreen.tsx
FN:24,(anonymous_0)
FN:43,(anonymous_1)
FN:44,(anonymous_2)
FN:50,(anonymous_3)
FN:53,(anonymous_4)
FN:80,(anonymous_5)
FNF:6
FNH:6
FNDA:9,(anonymous_0)
FNDA:9,(anonymous_1)
FNDA:3,(anonymous_2)
FNDA:7,(anonymous_3)
FNDA:12,(anonymous_4)
FNDA:1,(anonymous_5)
DA:25,9
DA:26,9
DA:44,9
DA:45,3
DA:46,3
DA:47,3
DA:51,7
DA:54,12
DA:55,12
DA:80,1
DA:130,3
LF:11
LH:11
BRDA:70,0,0,9
BRDA:70,0,1,3
BRDA:116,1,0,9
BRDA:116,1,1,3
BRDA:118,2,0,1
BRDA:118,2,1,11
BRDA:120,3,0,1
BRDA:120,3,1,11
BRDA:122,4,0,1
BRDA:122,4,1,11
BRF:10
BRH:10
end_of_record
TN:
SF:components/OtpVerify.tsx
FN:7,(anonymous_0)
FNF:1
FNH:1
FNDA:2,(anonymous_0)
DA:8,2
DA:52,2
LF:2
LH:2
BRF:0
BRH:0
end_of_record
TN:
SF:components/Register.tsx
FN:27,(anonymous_0)
FN:37,(anonymous_1)
FN:42,(anonymous_2)
FN:76,(anonymous_3)
FN:111,(anonymous_4)
FN:148,(anonymous_5)
FN:172,(anonymous_6)
FNF:7
FNH:7
FNDA:6,(anonymous_0)
FNDA:1,(anonymous_1)
FNDA:4,(anonymous_2)
FNDA:10,(anonymous_3)
FNDA:1,(anonymous_4)
FNDA:1,(anonymous_5)
FNDA:1,(anonymous_6)
DA:11,2
DA:28,6
DA:29,6
DA:37,6
DA:38,1
DA:39,1
DA:42,6
DA:43,4
DA:45,4
DA:47,4
DA:49,4
DA:51,4
DA:52,3
DA:53,3
DA:56,1
DA:57,1
DA:58,1
DA:60,0
DA:62,0
DA:64,0
DA:66,0
DA:67,0
DA:68,0
DA:71,0
DA:72,0
DA:77,10
DA:78,10
DA:111,1
DA:148,1
DA:172,1
DA:235,2
LF:31
LH:23
BRDA:51,0,0,3
BRDA:51,0,1,1
BRDA:56,1,0,1
BRDA:56,1,1,0
BRDA:60,2,0,0
BRDA:60,2,1,0
BRDA:66,3,0,0
BRDA:66,3,1,0
BRF:8
BRH:3
end_of_record
TN:
SF:components/Screens.tsx
FN:15,(anonymous_0)
FNF:1
FNH:1
FNDA:2,(anonymous_0)
DA:12,1
DA:16,2
DA:31,1
LF:3
LH:3
BRF:0
BRH:0
end_of_record
TN:
SF:components/Splash.tsx
FN:6,(anonymous_0)
FNF:1
FNH:1
FNDA:6,(anonymous_0)
DA:7,6
DA:25,2
LF:2
LH:2
BRF:0
BRH:0
end_of_record
TN:
SF:images/Rectangle.png
FNF:0
FNH:0
DA:1,2
LF:1
LH:1
BRF:0
BRH:0
end_of_record
TN:
SF:images/Sicon.png
FNF:0
FNH:0
DA:1,2
LF:1
LH:1
BRF:0
BRH:0
end_of_record
TN:
SF:images/Vector.png
FNF:0
FNH:0
DA:1,3
LF:1
LH:1
BRF:0
BRH:0
end_of_record
TN:
SF:images/bgColor.png
FNF:0
FNH:0
DA:1,3
LF:1
LH:1
BRF:0
BRH:0
end_of_record
TN:
SF:images/burger.png
FNF:0
FNH:0
DA:1,3
LF:1
LH:1
BRF:0
BRH:0
end_of_record
TN:
SF:images/chef1.png
FNF:0
FNH:0
DA:1,3
LF:1
LH:1
BRF:0
BRH:0
end_of_record
TN:
SF:images/downArrow.png
FNF:0
FNH:0
DA:1,1
LF:1
LH:1
BRF:0
BRH:0
end_of_record
TN:
SF:images/foodimg1.png
FNF:0
FNH:0
DA:1,3
LF:1
LH:1
BRF:0
BRH:0
end_of_record
TN:
SF:images/foodimg2.png
FNF:0
FNH:0
DA:1,3
LF:1
LH:1
BRF:0
BRH:0
end_of_record
TN:
SF:images/locationLogo.png
FNF:0
FNH:0
DA:1,1
LF:1
LH:1
BRF:0
BRH:0
end_of_record
TN:
SF:images/pizzaboy.png
FNF:0
FNH:0
DA:1,3
LF:1
LH:1
BRF:0
BRH:0
end_of_record
TN:
SF:images/rightArraw.png
FNF:0
FNH:0
DA:1,1
LF:1
LH:1
BRF:0
BRH:0
end_of_record
TN:
SF:images/skip.png
FNF:0
FNH:0
DA:1,3
LF:1
LH:1
BRF:0
BRH:0
end_of_record
TN:
SF:images/OTP/emailPic.png
FNF:0
FNH:0
DA:1,1
LF:1
LH:1
BRF:0
BRH:0
end_of_record
TN:
SF:images/OTP/reload.png
FNF:0
FNH:0
DA:1,1
LF:1
LH:1
BRF:0
BRH:0
end_of_record
TN:
SF:images/login/backArrow.png
FNF:0
FNH:0
DA:1,1
LF:1
LH:1
BRF:0
BRH:0
end_of_record
TN:
SF:images/login/bgresto.png
FNF:0
FNH:0
DA:1,1
LF:1
LH:1
BRF:0
BRH:0
end_of_record
TN:
SF:images/login/emaillogo.png
FNF:0
FNH:0
DA:1,1
LF:1
LH:1
BRF:0
BRH:0
end_of_record
TN:
SF:images/login/menlogo.png
FNF:0
FNH:0
DA:1,1
LF:1
LH:1
BRF:0
BRH:0
end_of_record
